<?xml version="1.0" encoding="UTF-8"?>
<!-- Generated by org.testng.reporters.JUnitXMLReporter -->
<testsuite hostname="Home" ignored="0" name="Amazon_Create_Account" tests="2" failures="0" timestamp="16 Nov 2017 15:05:26 GMT" time="99.217" errors="0">
  <testcase name="creaAccountUsingDataBase" time="38.552" classname="com.wmc.UserDefinedTests.HomePageTest"/>
  <testcase name="validateHomePageComponents" time="56.209" classname="com.wmc.UserDefinedTests.HomePageTest"/>
</testsuite> <!-- Amazon_Create_Account -->
