<?xml version="1.0" encoding="UTF-8"?>
<!-- Generated by org.testng.reporters.JUnitXMLReporter -->
<testsuite hostname="Home" ignored="0" name="Home_Page_Validation" tests="2" failures="0" timestamp="07 Nov 2017 15:36:42 GMT" time="0.028" errors="0">
  <testcase name="validateHomePageComponents" time="0.006" classname="com.wmc.UserDefinedTests.HomePageTest"/>
  <testcase name="valaidateLogIn" time="0.0" classname="com.wmc.UserDefinedTests.HomePageTest"/>
</testsuite> <!-- Home_Page_Validation -->
