<?xml version="1.0" encoding="UTF-8"?>
<!-- Generated by org.testng.reporters.JUnitXMLReporter -->
<testsuite hostname="Home" ignored="1" name="Default test" tests="1" failures="0" timestamp="10 Nov 2017 21:24:41 GMT" time="54.073" errors="0">
  <testcase name="validateHomePageComponents" time="53.109" classname="com.wmc.UserDefinedTests.HomePageTest"/>
  <testcase name="creaAccountUsingDataBase" time="0.0" classname="com.wmc.UserDefinedTests.HomePageTest">
    <ignored/>
  </testcase> <!-- creaAccountUsingDataBase -->
</testsuite> <!-- Default test -->
